0 info it worked if it ends with ok
1 verbose cli [ 'node', '/usr/local/bin/npm', 'install', '-g', 'cordova' ]
2 info using npm@2.11.2
3 info using node@v0.12.6
4 verbose install initial load of /usr/local/lib/package.json
5 verbose readDependencies loading dependencies from /usr/local/lib/package.json
6 silly cache add args [ 'cordova', null ]
7 verbose cache add spec cordova
8 silly cache add parsed spec { raw: 'cordova',
8 silly cache add   scope: null,
8 silly cache add   name: 'cordova',
8 silly cache add   rawSpec: '',
8 silly cache add   spec: '*',
8 silly cache add   type: 'range' }
9 silly addNamed cordova@*
10 verbose addNamed "*" is a valid semver range for cordova
11 silly addNameRange { name: 'cordova', range: '*', hasData: false }
12 silly mapToRegistry name cordova
13 silly mapToRegistry using default registry
14 silly mapToRegistry registry https://registry.npmjs.org/
15 silly mapToRegistry uri https://registry.npmjs.org/cordova
16 verbose addNameRange registry:https://registry.npmjs.org/cordova not in flight; fetching
17 verbose request uri https://registry.npmjs.org/cordova
18 verbose request no auth needed
19 info attempt registry request try #1 at 1:14:26 PM
20 verbose request id 7df935a0e08c0b94
21 verbose etag "6PE8UQ3PA2DHTFQ3AC8J94B7R"
22 http request GET https://registry.npmjs.org/cordova
23 http 304 https://registry.npmjs.org/cordova
24 silly get cb [ 304,
24 silly get   { date: 'Fri, 12 Aug 2016 16:14:25 GMT',
24 silly get     via: '1.1 varnish',
24 silly get     'cache-control': 'max-age=300',
24 silly get     etag: '"6PE8UQ3PA2DHTFQ3AC8J94B7R"',
24 silly get     age: '0',
24 silly get     connection: 'keep-alive',
24 silly get     'x-served-by': 'cache-jfk8120-JFK',
24 silly get     'x-cache': 'HIT',
24 silly get     'x-cache-hits': '1',
24 silly get     'x-timer': 'S1471018465.680460,VS0,VE20',
24 silly get     vary: 'Accept-Encoding' } ]
25 verbose etag https://registry.npmjs.org/cordova from cache
26 verbose get saving cordova to /Users/checkmatesolutions/.npm/registry.npmjs.org/cordova/.cache.json
27 silly addNameRange number 2 { name: 'cordova', range: '*', hasData: true }
28 silly addNameRange versions [ 'cordova',
28 silly addNameRange   [ '0.0.1',
28 silly addNameRange     '0.0.2',
28 silly addNameRange     '0.0.3',
28 silly addNameRange     '0.0.4',
28 silly addNameRange     '0.0.5',
28 silly addNameRange     '0.0.6',
28 silly addNameRange     '0.0.7',
28 silly addNameRange     '0.0.8',
28 silly addNameRange     '0.0.9',
28 silly addNameRange     '0.1.0',
28 silly addNameRange     '0.1.1',
28 silly addNameRange     '0.1.2',
28 silly addNameRange     '0.1.3',
28 silly addNameRange     '0.1.4',
28 silly addNameRange     '0.1.5',
28 silly addNameRange     '0.1.6',
28 silly addNameRange     '0.1.7',
28 silly addNameRange     '0.1.8',
28 silly addNameRange     '0.1.9',
28 silly addNameRange     '0.1.10',
28 silly addNameRange     '0.1.11',
28 silly addNameRange     '0.1.12',
28 silly addNameRange     '0.1.13',
28 silly addNameRange     '0.1.14',
28 silly addNameRange     '2.2.0',
28 silly addNameRange     '2.3.0',
28 silly addNameRange     '2.3.1',
28 silly addNameRange     '2.3.2',
28 silly addNameRange     '2.3.3',
28 silly addNameRange     '2.3.5',
28 silly addNameRange     '2.3.6',
28 silly addNameRange     '2.4.0',
28 silly addNameRange     '2.4.1',
28 silly addNameRange     '2.4.2',
28 silly addNameRange     '2.4.3',
28 silly addNameRange     '2.4.4',
28 silly addNameRange     '2.4.5',
28 silly addNameRange     '2.4.6',
28 silly addNameRange     '2.4.7',
28 silly addNameRange     '2.4.8',
28 silly addNameRange     '2.4.9',
28 silly addNameRange     '2.4.10',
28 silly addNameRange     '2.5.0',
28 silly addNameRange     '2.5.2',
28 silly addNameRange     '2.5.3',
28 silly addNameRange     '2.5.4',
28 silly addNameRange     '2.5.5',
28 silly addNameRange     '2.6.0',
28 silly addNameRange     '2.6.1',
28 silly addNameRange     '2.6.2',
28 silly addNameRange     '2.7.0-rc.1',
28 silly addNameRange     '2.7.1-rc.1',
28 silly addNameRange     '2.7.2',
28 silly addNameRange     '2.7.3',
28 silly addNameRange     '2.7.4',
28 silly addNameRange     '2.8.0',
28 silly addNameRange     '2.8.1',
28 silly addNameRange     '2.8.2',
28 silly addNameRange     '2.8.3',
28 silly addNameRange     '2.8.4',
28 silly addNameRange     '2.8.5',
28 silly addNameRange     '2.8.6',
28 silly addNameRange     '2.8.7',
28 silly addNameRange     '2.8.8',
28 silly addNameRange     '2.8.9',
28 silly addNameRange     '2.8.10',
28 silly addNameRange     '2.8.11',
28 silly addNameRange     '2.8.12',
28 silly addNameRange     '2.8.13',
28 silly addNameRange     '2.8.14',
28 silly addNameRange     '2.8.15',
28 silly addNameRange     '2.8.16',
28 silly addNameRange     '2.8.17',
28 silly addNameRange     '2.8.18',
28 silly addNameRange     '2.8.19',
28 silly addNameRange     '2.8.20',
28 silly addNameRange     '2.8.21',
28 silly addNameRange     '2.8.22',
28 silly addNameRange     '2.8.23',
28 silly addNameRange     '2.8.24',
28 silly addNameRange     '2.8.25',
28 silly addNameRange     '2.9.0',
28 silly addNameRange     '2.9.1',
28 silly addNameRange     '2.9.2',
28 silly addNameRange     '2.9.3',
28 silly addNameRange     '2.9.4',
28 silly addNameRange     '2.9.5',
28 silly addNameRange     '2.9.6',
28 silly addNameRange     '2.9.7',
28 silly addNameRange     '3.0.0-rc1',
28 silly addNameRange     '3.0.0-rc1-1',
28 silly addNameRange     '3.0.0-rc1-3',
28 silly addNameRange     '3.0.0',
28 silly addNameRange     '3.0.1',
28 silly addNameRange     '3.0.2',
28 silly addNameRange     '3.0.3',
28 silly addNameRange     '3.0.4',
28 silly addNameRange     '3.0.5',
28 silly addNameRange     '3.0.6',
28 silly addNameRange     '3.0.7',
28 silly addNameRange     '3.0.8',
28 silly addNameRange     '3.0.9',
28 silly addNameRange     '3.0.10',
28 silly addNameRange     '3.1.0-0.1.0',
28 silly addNameRange     '3.1.0-0.2.0',
28 silly addNameRange     '3.2.0-rc.1',
28 silly addNameRange     '3.2.0-0.1.0',
28 silly addNameRange     '3.2.0-0.2.0',
28 silly addNameRange     '3.2.0-0.3.0',
28 silly addNameRange     '3.2.0-0.4.0',
28 silly addNameRange     '3.3.0-rc.1',
28 silly addNameRange     '3.3.0-0.1.1',
28 silly addNameRange     '3.3.1-0.1.2',
28 silly addNameRange     '2.9.0-rc1',
28 silly addNameRange     '3.3.1-0.3.0',
28 silly addNameRange     '3.3.1-0.3.1',
28 silly addNameRange     '3.3.1-0.4.1',
28 silly addNameRange     '3.3.1-0.4.2',
28 silly addNameRange     '3.4.0-0.1.0',
28 silly addNameRange     '3.4.0-0.1.1',
28 silly addNameRange     '3.4.0-0.1.2',
28 silly addNameRange     '3.4.0-0.1.3',
28 silly addNameRange     '0.0.0-fake',
28 silly addNameRange     '3.4.1-0.1.0',
28 silly addNameRange     '3.5.0-0.2.0',
28 silly addNameRange     '3.5.0-0.2.1',
28 silly addNameRange     '3.5.0-0.2.2',
28 silly addNameRange     '3.5.0-0.2.3',
28 silly addNameRange     '3.5.0-0.2.4',
28 silly addNameRange     '3.5.0-0.2.6',
28 silly addNameRange     '3.5.0-0.2.7',
28 silly addNameRange     '3.6.0-0.2.8',
28 silly addNameRange     '3.6.0-0.2.9',
28 silly addNameRange     '3.6.1-0.2.10',
28 silly addNameRange     '3.6.3-0.2.11',
28 silly addNameRange     '3.6.3-0.2.12',
28 silly addNameRange     '3.6.3-0.2.13',
28 silly addNameRange     '4.0.0',
28 silly addNameRange     '4.0.1',
28 silly addNameRange     '4.1.0',
28 silly addNameRange     '4.1.1',
28 silly addNameRange     '4.1.2',
28 silly addNameRange     '4.1.3-nightly.2014.10.21',
28 silly addNameRange     '4.2.0',
28 silly addNameRange     '4.3.0',
28 silly addNameRange     '5.0.0',
28 silly addNameRange     '4.3.1',
28 silly addNameRange     '5.1.1',
28 silly addNameRange     '5.2.0',
28 silly addNameRange     '5.3.1',
28 silly addNameRange     '5.3.3',
28 silly addNameRange     '5.4.0',
28 silly addNameRange     '5.4.1',
28 silly addNameRange     '6.0.0',
28 silly addNameRange     '6.1.0',
28 silly addNameRange     '6.1.1',
28 silly addNameRange     '6.2.0-nightly.2016.5.11',
28 silly addNameRange     '6.2.0-nightly.2016.5.12',
28 silly addNameRange     '6.2.0-nightly.2016.5.13',
28 silly addNameRange     '6.2.1-nightly.2016.5.20.254844d7',
28 silly addNameRange     '6.2.1-nightly.2016.5.21.254844d7',
28 silly addNameRange     '6.2.1-nightly.2016.5.22.254844d7',
28 silly addNameRange     '6.2.1-nightly.2016.5.23.6e87c71a',
28 silly addNameRange     '6.2.1-nightly.2016.5.24.189f41a4',
28 silly addNameRange     '6.2.0',
28 silly addNameRange     '6.2.1-nightly.2016.5.25.189f41a4',
28 silly addNameRange     '6.2.1-nightly.2016.5.26.189f41a4',
28 silly addNameRange     '6.2.1-nightly.2016.5.27.189f41a4',
28 silly addNameRange     '6.2.1-nightly.2016.5.28.189f41a4',
28 silly addNameRange     '6.2.1-nightly.2016.5.30.189f41a4',
28 silly addNameRange     '6.2.1-nightly.2016.5.31.189f41a4',
28 silly addNameRange     '6.2.1-nightly.2016.6.1.189f41a4',
28 silly addNameRange     '6.2.1-nightly.2016.6.2.189f41a4',
28 silly addNameRange     '6.2.1-nightly.2016.6.3.189f41a4',
28 silly addNameRange     '6.2.1-nightly.2016.6.4.189f41a4',
28 silly addNameRange     '6.2.1-nightly.2016.6.5.189f41a4',
28 silly addNameRange     '6.2.1-nightly.2016.6.6.189f41a4',
28 silly addNameRange     '6.2.1-nightly.2016.6.7.486bdab5',
28 silly addNameRange     '6.2.1-nightly.2016.6.8.486bdab5',
28 silly addNameRange     '6.2.1-dev',
28 silly addNameRange     '6.2.1-nightly.2016.6.10.486bdab5',
28 silly addNameRange     '6.2.1-nightly.2016.6.12.486bdab5',
28 silly addNameRange     '6.2.1-nightly.2016.6.13.486bdab5',
28 silly addNameRange     '6.2.1-nightly.2016.6.14.486bdab5',
28 silly addNameRange     '6.2.1-nightly.2016.6.16.486bdab5',
28 silly addNameRange     '6.2.1-nightly.2016.6.17.486bdab5',
28 silly addNameRange     '6.2.1-nightly.2016.6.18.486bdab5',
28 silly addNameRange     '6.2.1-nightly.2016.6.20.486bdab5',
28 silly addNameRange     '6.2.1-nightly.2016.6.21.486bdab5',
28 silly addNameRange     '6.2.1-nightly.2016.6.22.486bdab5',
28 silly addNameRange     '6.2.1-nightly.2016.6.23.486bdab5',
28 silly addNameRange     '6.2.1-nightly.2016.6.24.486bdab5',
28 silly addNameRange     '6.2.1-nightly.2016.6.26.486bdab5',
28 silly addNameRange     '6.2.1-nightly.2016.6.27.486bdab5',
28 silly addNameRange     '6.2.1-nightly.2016.6.28.486bdab5',
28 silly addNameRange     '6.2.1-nightly.2016.6.29.64e11522',
28 silly addNameRange     '6.2.1-nightly.2016.6.30.64e11522',
28 silly addNameRange     '6.2.1-nightly.2016.7.1.64e11522',
28 silly addNameRange     '6.2.1-nightly.2016.7.2.64e11522',
28 silly addNameRange     '6.2.1-nightly.2016.7.3.64e11522',
28 silly addNameRange     '6.2.1-nightly.2016.7.4.64e11522',
28 silly addNameRange     '6.2.1-nightly.2016.7.5.64e11522',
28 silly addNameRange     '6.2.1-nightly.2016.7.6.64e11522',
28 silly addNameRange     '6.2.1-nightly.2016.7.7.64e11522',
28 silly addNameRange     '6.2.1-nightly.2016.7.8.64e11522',
28 silly addNameRange     '6.2.1-nightly.2016.7.10.64e11522',
28 silly addNameRange     '6.2.1-nightly.2016.7.12.64e11522',
28 silly addNameRange     '6.3.1-nightly.2016.7.14.83f93b96',
28 silly addNameRange     '6.3.1-nightly.2016.7.15.83f93b96',
28 silly addNameRange     '6.3.1-nightly.2016.7.16.83f93b96',
28 silly addNameRange     '6.3.1-nightly.2016.7.17.83f93b96',
28 silly addNameRange     '6.3.1-nightly.2016.7.18.83f93b96',
28 silly addNameRange     '6.3.1-nightly.2016.7.20.83f93b96',
28 silly addNameRange     '6.3.0',
28 silly addNameRange     '6.3.1-nightly.2016.7.23.83f93b96',
28 silly addNameRange     '6.3.1-nightly.2016.7.24.83f93b96',
28 silly addNameRange     '6.3.1-nightly.2016.7.25.83f93b96',
28 silly addNameRange     '6.3.1-nightly.2016.7.26.83f93b96',
28 silly addNameRange     '6.3.1-nightly.2016.7.27.83f93b96',
28 silly addNameRange     '6.3.1-nightly.2016.7.28.83f93b96',
28 silly addNameRange     '6.3.1-nightly.2016.7.29.83f93b96',
28 silly addNameRange     '6.3.1-nightly.2016.8.2.5e6e3bf1',
28 silly addNameRange     '6.3.1-nightly.2016.8.4.5e6e3bf1',
28 silly addNameRange     '6.3.1-nightly.2016.8.5.5e6e3bf1',
28 silly addNameRange     '6.3.1-nightly.2016.8.6.5e6e3bf1',
28 silly addNameRange     '6.3.1-nightly.2016.8.7.5e6e3bf1',
28 silly addNameRange     '6.3.1-nightly.2016.8.8.5e6e3bf1',
28 silly addNameRange     '6.3.1-nightly.2016.8.9.5e6e3bf1',
28 silly addNameRange     '6.4.0-nightly.2016.8.10.258eb28f',
28 silly addNameRange     '6.4.0-nightly.2016.8.11.258eb28f',
28 silly addNameRange     '6.4.0-nightly.2016.8.12.258eb28f' ] ]
29 silly addNamed cordova@6.3.0
30 verbose addNamed "6.3.0" is a plain semver version for cordova
31 silly cache afterAdd cordova@6.3.0
32 verbose afterAdd /Users/checkmatesolutions/.npm/cordova/6.3.0/package/package.json not in flight; writing
33 verbose afterAdd /Users/checkmatesolutions/.npm/cordova/6.3.0/package/package.json written
34 silly install resolved [ { name: 'cordova',
34 silly install resolved     version: '6.3.0',
34 silly install resolved     preferGlobal: 'true',
34 silly install resolved     description: 'Cordova command line interface tool',
34 silly install resolved     main: 'cordova',
34 silly install resolved     engines: { node: '>=0.9.9' },
34 silly install resolved     engineStrict: true,
34 silly install resolved     bin: { cordova: './bin/cordova' },
34 silly install resolved     scripts:
34 silly install resolved      { test: 'node node_modules/jasmine-node/bin/jasmine-node --captureExceptions --color spec',
34 silly install resolved        cover: 'node node_modules/istanbul/lib/cli.js cover --root src --print detail node_modules/jasmine-node/bin/jasmine-node -- spec' },
34 silly install resolved     repository:
34 silly install resolved      { type: 'git',
34 silly install resolved        url: 'https://git-wip-us.apache.org/repos/asf/cordova-cli.git' },
34 silly install resolved     bugs:
34 silly install resolved      { url: 'https://issues.apache.org/jira/browse/CB',
34 silly install resolved        email: 'dev@cordova.apache.org' },
34 silly install resolved     keywords: [ 'cordova', 'client', 'cli' ],
34 silly install resolved     dependencies:
34 silly install resolved      { 'cordova-lib': '6.3.0',
34 silly install resolved        'cordova-common': '1.4.x',
34 silly install resolved        q: '1.0.1',
34 silly install resolved        nopt: '3.0.1',
34 silly install resolved        underscore: '1.7.0',
34 silly install resolved        'update-notifier': '^0.5.0',
34 silly install resolved        insight: '~0.8.2' },
34 silly install resolved     devDependencies:
34 silly install resolved      { istanbul: '^0.3.4',
34 silly install resolved        grunt: '0.4.5',
34 silly install resolved        'grunt-retire': '0.3.7',
34 silly install resolved        'jasmine-node': '1.14.5' },
34 silly install resolved     author: { name: 'Anis Kadri' },
34 silly install resolved     contributors:
34 silly install resolved      [ [Object],
34 silly install resolved        [Object],
34 silly install resolved        [Object],
34 silly install resolved        [Object],
34 silly install resolved        [Object],
34 silly install resolved        [Object],
34 silly install resolved        [Object],
34 silly install resolved        [Object],
34 silly install resolved        [Object],
34 silly install resolved        [Object],
34 silly install resolved        [Object],
34 silly install resolved        [Object],
34 silly install resolved        [Object],
34 silly install resolved        [Object],
34 silly install resolved        [Object],
34 silly install resolved        [Object],
34 silly install resolved        [Object],
34 silly install resolved        [Object],
34 silly install resolved        [Object],
34 silly install resolved        [Object],
34 silly install resolved        [Object],
34 silly install resolved        [Object],
34 silly install resolved        [Object],
34 silly install resolved        [Object] ],
34 silly install resolved     license: 'Apache-2.0',
34 silly install resolved     _id: 'cordova@6.3.0',
34 silly install resolved     _shasum: 'fe886017d03402b9e8a266c16767059036b6627e',
34 silly install resolved     _resolved: 'https://registry.npmjs.org/cordova/-/cordova-6.3.0.tgz',
34 silly install resolved     _from: 'cordova@*',
34 silly install resolved     _npmVersion: '3.10.5',
34 silly install resolved     _nodeVersion: '6.3.0',
34 silly install resolved     _npmUser:
34 silly install resolved      { name: 'kotikov.vladimir',
34 silly install resolved        email: 'kotikov.vladimir@gmail.com' },
34 silly install resolved     dist:
34 silly install resolved      { shasum: 'fe886017d03402b9e8a266c16767059036b6627e',
34 silly install resolved        tarball: 'https://registry.npmjs.org/cordova/-/cordova-6.3.0.tgz' },
34 silly install resolved     maintainers:
34 silly install resolved      [ [Object],
34 silly install resolved        [Object],
34 silly install resolved        [Object],
34 silly install resolved        [Object],
34 silly install resolved        [Object],
34 silly install resolved        [Object],
34 silly install resolved        [Object],
34 silly install resolved        [Object],
34 silly install resolved        [Object],
34 silly install resolved        [Object],
34 silly install resolved        [Object],
34 silly install resolved        [Object],
34 silly install resolved        [Object],
34 silly install resolved        [Object],
34 silly install resolved        [Object],
34 silly install resolved        [Object],
34 silly install resolved        [Object],
34 silly install resolved        [Object] ],
34 silly install resolved     _npmOperationalInternal:
34 silly install resolved      { host: 'packages-12-west.internal.npmjs.com',
34 silly install resolved        tmp: 'tmp/cordova-6.3.0.tgz_1469123615353_0.8465652170125395' },
34 silly install resolved     directories: {},
34 silly install resolved     readme: 'ERROR: No README data found!' } ]
35 info install cordova@6.3.0 into /usr/local/lib
36 info installOne cordova@6.3.0
37 verbose installOne of cordova to /usr/local/lib not in flight; installing
38 warn locking Error: EACCES, open '/Users/checkmatesolutions/.npm/_locks/cordova-fa12e2e096426a32.lock'
38 warn locking     at Error (native)
38 warn locking  /Users/checkmatesolutions/.npm/_locks/cordova-fa12e2e096426a32.lock failed { [Error: EACCES, open '/Users/checkmatesolutions/.npm/_locks/cordova-fa12e2e096426a32.lock']
38 warn locking   errno: -13,
38 warn locking   code: 'EACCES',
38 warn locking   path: '/Users/checkmatesolutions/.npm/_locks/cordova-fa12e2e096426a32.lock' }
39 verbose stack Error: Attempt to unlock /usr/local/lib/node_modules/cordova, which hasn't been locked
39 verbose stack     at unlock (/usr/local/lib/node_modules/npm/lib/utils/locker.js:66:11)
39 verbose stack     at cb (/usr/local/lib/node_modules/npm/lib/install.js:1017:5)
39 verbose stack     at /usr/local/lib/node_modules/npm/lib/install.js:1021:20
39 verbose stack     at /usr/local/lib/node_modules/npm/lib/utils/locker.js:40:9
39 verbose stack     at cb (/usr/local/lib/node_modules/npm/node_modules/lockfile/lockfile.js:149:38)
39 verbose stack     at /usr/local/lib/node_modules/npm/node_modules/lockfile/lockfile.js:177:38
39 verbose stack     at FSReqWrap.oncomplete (fs.js:95:15)
40 verbose cwd /Users/checkmatesolutions/checkmateLaw/checkmatelaw
41 error Darwin 15.4.0
42 error argv "node" "/usr/local/bin/npm" "install" "-g" "cordova"
43 error node v0.12.6
44 error npm  v2.11.2
45 error Attempt to unlock /usr/local/lib/node_modules/cordova, which hasn't been locked
46 error If you need help, you may report this error at:
46 error     <https://github.com/npm/npm/issues>
47 verbose exit [ 1, true ]
